<?xml version="1.0" encoding="UTF-8"?>
<!-- Generated by org.testng.reporters.JUnitXMLReporter -->
<testsuite hostname="LAPTOP-NNQ3O8RD" ignored="8" name="Chrome Test" tests="5" failures="0" timestamp="2021-12-06T15:11:09 IST" time="62.097" errors="0">
  <testcase name="createOrganizationTest" time="29.519" classname="com.crm.comcast.organaizationtest.CreateOrganizationTest"/>
  <testcase name="createNewContactsTest" time="31.131" classname="com.crm.Contacts.SDET.CreateNewContactsTest"/>
  <testcase name="createContactwithsuppoertDateTest" time="29.447" classname="com.crm.Contacts.SDET.CreateContact_Support_DateTest"/>
  <testcase name="createOrgWithIndusAndTypeTest" time="33.879" classname="com.crm.comcast.organaizationtest.CreateOrganization_With_Industries_And_Type_Test"/>
  <testcase name="createContactwithOrgTest" time="44.962" classname="com.crm.comcast.conatctwithorgNameTest.CreateContactswithOrgTest"/>
  <testcase name="@BeforeSuite DbConnection" time="0.0" classname="com.vtiger.comcast.genericUtility.BaseClass">
    <ignored/>
  </testcase> <!-- @BeforeSuite DbConnection -->
  <testcase name="@BeforeSuite DbConnection" time="0.0" classname="com.vtiger.comcast.genericUtility.BaseClass">
    <ignored/>
  </testcase> <!-- @BeforeSuite DbConnection -->
  <testcase name="@BeforeSuite DbConnection" time="0.0" classname="com.vtiger.comcast.genericUtility.BaseClass">
    <ignored/>
  </testcase> <!-- @BeforeSuite DbConnection -->
  <testcase name="@BeforeSuite DbConnection" time="0.0" classname="com.vtiger.comcast.genericUtility.BaseClass">
    <ignored/>
  </testcase> <!-- @BeforeSuite DbConnection -->
  <testcase name="@AfterSuite closeDbConnection" time="0.0" classname="com.vtiger.comcast.genericUtility.BaseClass">
    <ignored/>
  </testcase> <!-- @AfterSuite closeDbConnection -->
  <testcase name="@AfterSuite closeDbConnection" time="0.0" classname="com.vtiger.comcast.genericUtility.BaseClass">
    <ignored/>
  </testcase> <!-- @AfterSuite closeDbConnection -->
  <testcase name="@AfterSuite closeDbConnection" time="0.0" classname="com.vtiger.comcast.genericUtility.BaseClass">
    <ignored/>
  </testcase> <!-- @AfterSuite closeDbConnection -->
  <testcase name="@AfterSuite closeDbConnection" time="0.0" classname="com.vtiger.comcast.genericUtility.BaseClass">
    <ignored/>
  </testcase> <!-- @AfterSuite closeDbConnection -->
</testsuite> <!-- Chrome Test -->
