<?xml version="1.0" encoding="UTF-8"?>
<!-- Generated by org.testng.reporters.JUnitXMLReporter -->
<testsuite hostname="LAPTOP-NNQ3O8RD" ignored="8" name="edge Test" tests="5" failures="0" timestamp="2021-12-06T06:28:53 IST" time="66.652" errors="0">
  <testcase name="createNewContacts" time="33.417" classname="com.crm.Contacts.SDET.CreateNewContactsTest"/>
  <testcase name="createOrganization" time="31.279" classname="com.crm.comcast.organaizationtest.CreateOrganizationTest"/>
  <testcase name="createContactwithsuppoertDate" time="35.754" classname="com.crm.Contacts.SDET.CreateContact_Support_DateTest"/>
  <testcase name="createOrgWithIndusAndType" time="38.89" classname="com.crm.comcast.organaizationtest.CreateOrganization_With_Industries_And_Type_Test"/>
  <testcase name="createContactwithOrg" time="47.701" classname="com.crm.comcast.conatctwithorgNameTest.CreateContactswithOrgTest"/>
  <testcase name="@BeforeSuite DbConnection" time="0.0" classname="com.vtiger.comcast.genericUtility.BaseClass">
    <ignored/>
  </testcase> <!-- @BeforeSuite DbConnection -->
  <testcase name="@BeforeSuite DbConnection" time="0.0" classname="com.vtiger.comcast.genericUtility.BaseClass">
    <ignored/>
  </testcase> <!-- @BeforeSuite DbConnection -->
  <testcase name="@BeforeSuite DbConnection" time="0.0" classname="com.vtiger.comcast.genericUtility.BaseClass">
    <ignored/>
  </testcase> <!-- @BeforeSuite DbConnection -->
  <testcase name="@BeforeSuite DbConnection" time="0.0" classname="com.vtiger.comcast.genericUtility.BaseClass">
    <ignored/>
  </testcase> <!-- @BeforeSuite DbConnection -->
  <testcase name="@AfterSuite closeDbConnection" time="0.0" classname="com.vtiger.comcast.genericUtility.BaseClass">
    <ignored/>
  </testcase> <!-- @AfterSuite closeDbConnection -->
  <testcase name="@AfterSuite closeDbConnection" time="0.0" classname="com.vtiger.comcast.genericUtility.BaseClass">
    <ignored/>
  </testcase> <!-- @AfterSuite closeDbConnection -->
  <testcase name="@AfterSuite closeDbConnection" time="0.0" classname="com.vtiger.comcast.genericUtility.BaseClass">
    <ignored/>
  </testcase> <!-- @AfterSuite closeDbConnection -->
  <testcase name="@AfterSuite closeDbConnection" time="0.0" classname="com.vtiger.comcast.genericUtility.BaseClass">
    <ignored/>
  </testcase> <!-- @AfterSuite closeDbConnection -->
</testsuite> <!-- edge Test -->
