<?xml version="1.0" encoding="UTF-8"?>
<!-- Generated by org.testng.reporters.JUnitXMLReporter -->
<testsuite hostname="LAPTOP-NNQ3O8RD" ignored="8" name="firefox Test" tests="5" failures="0" timestamp="2021-12-06T15:12:08 IST" time="59.557" errors="0">
  <testcase name="createContactwithsuppoertDateTest" time="23.338" classname="com.crm.Contacts.SDET.CreateContact_Support_DateTest"/>
  <testcase name="createOrganizationTest" time="24.77" classname="com.crm.comcast.organaizationtest.CreateOrganizationTest"/>
  <testcase name="createNewContactsTest" time="25.297" classname="com.crm.Contacts.SDET.CreateNewContactsTest"/>
  <testcase name="createOrgWithIndusAndTypeTest" time="23.069" classname="com.crm.comcast.organaizationtest.CreateOrganization_With_Industries_And_Type_Test"/>
  <testcase name="createContactwithOrgTest" time="37.027" classname="com.crm.comcast.conatctwithorgNameTest.CreateContactswithOrgTest"/>
  <testcase name="@BeforeSuite DbConnection" time="0.0" classname="com.vtiger.comcast.genericUtility.BaseClass">
    <ignored/>
  </testcase> <!-- @BeforeSuite DbConnection -->
  <testcase name="@BeforeSuite DbConnection" time="0.0" classname="com.vtiger.comcast.genericUtility.BaseClass">
    <ignored/>
  </testcase> <!-- @BeforeSuite DbConnection -->
  <testcase name="@BeforeSuite DbConnection" time="0.0" classname="com.vtiger.comcast.genericUtility.BaseClass">
    <ignored/>
  </testcase> <!-- @BeforeSuite DbConnection -->
  <testcase name="@BeforeSuite DbConnection" time="0.0" classname="com.vtiger.comcast.genericUtility.BaseClass">
    <ignored/>
  </testcase> <!-- @BeforeSuite DbConnection -->
  <testcase name="@AfterSuite closeDbConnection" time="0.0" classname="com.vtiger.comcast.genericUtility.BaseClass">
    <ignored/>
  </testcase> <!-- @AfterSuite closeDbConnection -->
  <testcase name="@AfterSuite closeDbConnection" time="0.0" classname="com.vtiger.comcast.genericUtility.BaseClass">
    <ignored/>
  </testcase> <!-- @AfterSuite closeDbConnection -->
  <testcase name="@AfterSuite closeDbConnection" time="0.0" classname="com.vtiger.comcast.genericUtility.BaseClass">
    <ignored/>
  </testcase> <!-- @AfterSuite closeDbConnection -->
  <testcase name="@AfterSuite closeDbConnection" time="0.0" classname="com.vtiger.comcast.genericUtility.BaseClass">
    <ignored/>
  </testcase> <!-- @AfterSuite closeDbConnection -->
</testsuite> <!-- firefox Test -->
