<?xml version="1.0" encoding="UTF-8"?>
<!-- Generated by org.testng.reporters.JUnitXMLReporter -->
<testsuite hostname="LAPTOP-NNQ3O8RD" ignored="10" name="Test" tests="1" failures="0" timestamp="2022-01-09T22:56:47 IST" time="64.778" errors="0">
  <testcase name="createContactwithOrgTest" time="21.879" classname="com.crm.comcast.conatctwithorgNameTest.CreateContactswithOrgTest"/>
  <testcase name="createOrganizationTest" time="0.0" classname="com.crm.comcast.organaizationtest.CreateOrganizationTest">
    <ignored/>
  </testcase> <!-- createOrganizationTest -->
  <testcase name="@BeforeSuite DbConnection" time="0.0" classname="com.vtiger.comcast.genericUtility.BaseClass">
    <ignored/>
  </testcase> <!-- @BeforeSuite DbConnection -->
  <testcase name="@BeforeSuite DbConnection" time="0.0" classname="com.vtiger.comcast.genericUtility.BaseClass">
    <ignored/>
  </testcase> <!-- @BeforeSuite DbConnection -->
  <testcase name="@BeforeSuite DbConnection" time="0.0" classname="com.vtiger.comcast.genericUtility.BaseClass">
    <ignored/>
  </testcase> <!-- @BeforeSuite DbConnection -->
  <testcase name="@BeforeSuite DbConnection" time="0.0" classname="com.vtiger.comcast.genericUtility.BaseClass">
    <ignored/>
  </testcase> <!-- @BeforeSuite DbConnection -->
  <testcase name="createOrgWithIndusAndTypeTest" time="0.0" classname="com.crm.comcast.organaizationtest.CreateOrganization_With_Industries_And_Type_Test">
    <ignored/>
  </testcase> <!-- createOrgWithIndusAndTypeTest -->
  <testcase name="@AfterSuite closeDbConnection" time="0.0" classname="com.vtiger.comcast.genericUtility.BaseClass">
    <ignored/>
  </testcase> <!-- @AfterSuite closeDbConnection -->
  <testcase name="@AfterSuite closeDbConnection" time="0.0" classname="com.vtiger.comcast.genericUtility.BaseClass">
    <ignored/>
  </testcase> <!-- @AfterSuite closeDbConnection -->
  <testcase name="@AfterSuite closeDbConnection" time="0.0" classname="com.vtiger.comcast.genericUtility.BaseClass">
    <ignored/>
  </testcase> <!-- @AfterSuite closeDbConnection -->
  <testcase name="@AfterSuite closeDbConnection" time="0.0" classname="com.vtiger.comcast.genericUtility.BaseClass">
    <ignored/>
  </testcase> <!-- @AfterSuite closeDbConnection -->
</testsuite> <!-- Test -->
